[90mGET / [32m200 [90m17ms[0m
[90mGET /styles/0a43eae4.main.css [32m200 [90m4ms[0m
[90mGET /bower_components/jquery/jquery.js [32m200 [90m37ms[0m
[90mGET /scripts/20b18ad6.scripts.js [32m200 [90m8ms[0m
[90mGET /scripts/da668c75.modules.js [32m200 [90m26ms[0m
[90mGET /fonts/SourceSansPro-ExtraLight.ttf [36m304 [90m4ms[0m
[90mGET /fonts/SourceSansPro-Light.ttf [36m304 [90m1ms[0m
[90mGET /dynamic/loading.css [32m200 [90m4ms[0m
[90mGET /fonts/SourceSansPro-Semibold.ttf [36m304 [90m1ms[0m
[90mGET /views/create.html [32m200 [90m2ms[0m
[90mGET /images/logo.png [33m404 [90m1ms[0m
[90mGET / [32m200 [90m2ms[0m
[90mGET /styles/0a43eae4.main.css [32m200 [90m0ms[0m
[90mGET /bower_components/jquery/jquery.js [32m200 [90m1ms[0m
[90mGET /scripts/da668c75.modules.js [32m200 [90m1ms[0m
[90mGET /scripts/20b18ad6.scripts.js [32m200 [90m1ms[0m
[90mGET /dynamic/loading.css [32m200 [90m3ms[0m
[90mGET /views/create.html [32m200 [90m0ms[0m
[90mGET /fonts/SourceSansPro-Semibold.ttf [32m200 [90m930ms - 146.13kb[0m
[90mGET /fonts/SourceSansPro-ExtraLight.ttf [32m200 [90m1144ms - 147kb[0m
[90mGET /fonts/SourceSansPro-Light.ttf [32m200 [90m1292ms - 146.72kb[0m
[90mGET /dynamic/loading.css [32m200 [90m1ms[0m
[90mGET /images/logo.png [33m404 [90m0ms[0m
[90mGET /views/confirm-sent.html [32m200 [90m6ms[0m
[90mGET /views/under-construction.html [32m200 [90m2ms[0m
[90mGET /views/home.html [32m200 [90m2ms[0m
[90mGET / [32m200 [90m17ms[0m
[90mGET /styles/0a43eae4.main.css [32m200 [90m4ms[0m
[90mGET /bower_components/jquery/jquery.js [32m200 [90m29ms[0m
[90mGET /scripts/da668c75.modules.js [32m200 [90m13ms[0m
[90mGET /scripts/20b18ad6.scripts.js [32m200 [90m2ms[0m
[90mGET /dynamic/loading.css [32m200 [90m2ms[0m
[90mGET /views/create.html [32m200 [90m1ms[0m
[90mGET /fonts/SourceSansPro-ExtraLight.ttf [32m200 [90m880ms - 147kb[0m
[90mGET /fonts/SourceSansPro-Light.ttf [32m200 [90m896ms - 146.72kb[0m
[90mGET /fonts/SourceSansPro-Semibold.ttf [32m200 [90m948ms - 146.13kb[0m
[90mGET /dynamic/loading.css [32m200 [90m1ms[0m
[90mGET /images/logo.png [33m404 [90m1ms[0m
[90mGET / [32m200 [90m19ms[0m
[90mGET /styles/0a43eae4.main.css [32m200 [90m24ms[0m
[90mGET /scripts/20b18ad6.scripts.js [32m200 [90m16ms[0m
[90mGET /scripts/da668c75.modules.js [32m200 [90m53ms[0m
[90mGET /bower_components/jquery/jquery.js [32m200 [90m56ms[0m
[90mGET /fonts/SourceSansPro-ExtraLight.ttf [36m304 [90m3ms[0m
[90mGET /fonts/SourceSansPro-Light.ttf [36m304 [90m1ms[0m
[90mGET /dynamic/loading.css [32m200 [90m4ms[0m
[90mGET /fonts/SourceSansPro-Semibold.ttf [36m304 [90m3ms[0m
[90mGET /views/under-construction.html [32m200 [90m1ms[0m
[90mGET /images/logo.png [33m404 [90m2ms[0m
[90mGET / [32m200 [90m1ms[0m
[90mGET /styles/0a43eae4.main.css [32m200 [90m1ms[0m
[90mGET /scripts/20b18ad6.scripts.js [32m200 [90m1ms[0m
[90mGET /scripts/da668c75.modules.js [32m200 [90m2ms[0m
[90mGET /bower_components/jquery/jquery.js [32m200 [90m1ms[0m
[90mGET /dynamic/loading.css [32m200 [90m2ms[0m
[90mGET /views/home.html [32m200 [90m2ms[0m
[90mGET /fonts/SourceSansPro-ExtraLight.ttf [32m200 [90m609ms - 147kb[0m
[90mGET /fonts/SourceSansPro-Semibold.ttf [32m200 [90m773ms - 146.13kb[0m
[90mGET /fonts/SourceSansPro-Light.ttf [32m200 [90m1056ms - 146.72kb[0m
[90mGET /dynamic/loading.css [32m200 [90m1ms[0m
[90mGET /images/logo.png [33m404 [90m2ms[0m
[90mGET /views/create.html [32m200 [90m6ms[0m
[90mGET /views/home.html [32m200 [90m1ms[0m
[90mGET / [32m200 [90m2ms[0m
[90mGET /styles/0a43eae4.main.css [32m200 [90m2ms[0m
[90mGET /bower_components/jquery/jquery.js [32m200 [90m1ms[0m
[90mGET /scripts/da668c75.modules.js [32m200 [90m1ms[0m
[90mGET /scripts/20b18ad6.scripts.js [32m200 [90m1ms[0m
[90mGET /dynamic/loading.css [32m200 [90m1ms[0m
[90mGET /views/home.html [32m200 [90m1ms[0m
[90mGET /favicon.ico [32m200 [90m1ms - 4.19kb[0m
[90mGET /fonts/SourceSansPro-ExtraLight.ttf [32m200 [90m664ms - 147kb[0m
[90mGET /fonts/SourceSansPro-Light.ttf [32m200 [90m894ms - 146.72kb[0m
[90mGET /fonts/SourceSansPro-Semibold.ttf [32m200 [90m904ms - 146.13kb[0m
[90mGET /images/logo.png [33m404 [90m3ms[0m
[90mGET /views/create.html [32m200 [90m0ms[0m
[90mGET /views/confirm-sent.html [32m200 [90m2ms[0m
[90mGET / [32m200 [90m1ms[0m
[90mGET / [32m200 [90m1ms[0m
[90mGET /styles/0a43eae4.main.css [32m200 [90m0ms[0m
[90mGET /bower_components/jquery/jquery.js [32m200 [90m1ms[0m
[90mGET /scripts/da668c75.modules.js [32m200 [90m0ms[0m
[90mGET /scripts/20b18ad6.scripts.js [32m200 [90m0ms[0m
[90mGET /dynamic/loading.css [32m200 [90m0ms[0m
[90mGET /views/home.html [32m200 [90m1ms[0m
[90mGET /favicon.ico [32m200 [90m2ms - 4.19kb[0m
[90mGET /fonts/SourceSansPro-Light.ttf [32m200 [90m1462ms - 146.72kb[0m
[90mGET /fonts/SourceSansPro-Semibold.ttf [32m200 [90m3240ms - 146.13kb[0m
[90mGET /fonts/SourceSansPro-ExtraLight.ttf [32m200 [90m3968ms - 147kb[0m
[90mGET /images/logo.png [33m404 [90m1ms[0m
[90mGET /views/create.html [32m200 [90m1ms[0m
[90mGET /fonts/SourceSansPro-ExtraLightItalic.ttf [32m200 [90m611ms - 114.39kb[0m
[90mGET /views/confirm-sent.html [32m200 [90m0ms[0m
[90mGET /views/under-construction.html [32m200 [90m1ms[0m
[90mGET / [32m200 [90m1ms[0m
[90mGET /styles/0a43eae4.main.css [32m200 [90m1ms[0m
[90mGET /bower_components/jquery/jquery.js [32m200 [90m1ms[0m
[90mGET /scripts/da668c75.modules.js [32m200 [90m0ms[0m
[90mGET /scripts/20b18ad6.scripts.js [32m200 [90m1ms[0m
[90mGET /views/home.html [32m200 [90m0ms[0m
[90mGET /fonts/SourceSansPro-Light.ttf [32m200 [90m3487ms - 146.72kb[0m
[90mGET /images/logo.png [33m404 [90m0ms[0m
[90mGET /w00tw00t.at.blackhats.romanian.anti-sec:) [33m404 [90m1ms[0m
[90mGET /phpMyAdmin/scripts/setup.php [33m404 [90m1ms[0m
[90mGET /phpmyadmin/scripts/setup.php [33m404 [90m1ms[0m
[90mGET /pma/scripts/setup.php [33m404 [90m1ms[0m
[90mGET /myadmin/scripts/setup.php [33m404 [90m0ms[0m
[90mGET /MyAdmin/scripts/setup.php [33m404 [90m1ms[0m
[90mGET /images/logo.png [33m404 [90m0ms[0m
[90mGET /images/logo.png [33m404 [90m0ms[0m
[90mGET /views/under-construction.html [32m200 [90m1ms[0m
[90mGET /images/logo.png [33m404 [90m1ms[0m
[90mGET / [32m200 [90m0ms[0m
[90mGET /styles/0a43eae4.main.css [32m200 [90m1ms[0m
[90mGET /bower_components/jquery/jquery.js [32m200 [90m1ms[0m
[90mGET /scripts/da668c75.modules.js [32m200 [90m2ms[0m
[90mGET /scripts/20b18ad6.scripts.js [32m200 [90m0ms[0m
[90mGET /views/create.html [32m200 [90m0ms[0m
[90mGET /dynamic/loading.css [32m200 [90m0ms[0m
[90mGET /views/home.html [32m200 [90m1ms[0m
[90mGET /fonts/SourceSansPro-ExtraLightItalic.ttf [32m200 [90m401ms - 114.39kb[0m
[90mGET /fonts/SourceSansPro-ExtraLight.ttf [32m200 [90m671ms - 147kb[0m
[90mGET /fonts/SourceSansPro-Light.ttf [32m200 [90m697ms - 146.72kb[0m
[90mGET /fonts/SourceSansPro-Semibold.ttf [32m200 [90m944ms - 146.13kb[0m
[90mGET /images/logo.png [33m404 [90m1ms[0m
[90mGET /views/create.html [32m200 [90m1ms[0m
[90mGET /views/confirm-sent.html [32m200 [90m1ms[0m
[90mGET /views/under-construction.html [32m200 [90m2ms[0m
[90mGET /images/logo.png [33m404 [90m1ms[0m
[90mGET /images/logo.png [33m404 [90m0ms[0m
[90mGET /favicon.ico [32m200 [90m1ms - 4.19kb[0m
[90mGET / [32m200 [90m1ms[0m
[90mGET /styles/0a43eae4.main.css [32m200 [90m1ms[0m
[90mGET /bower_components/jquery/jquery.js [32m200 [90m1ms[0m
[90mGET /scripts/da668c75.modules.js [32m200 [90m1ms[0m
[90mGET /scripts/20b18ad6.scripts.js [32m200 [90m0ms[0m
[90mGET /dynamic/loading.css [32m200 [90m1ms[0m
[90mGET /views/home.html [32m200 [90m0ms[0m
[90mGET /fonts/SourceSansPro-ExtraLight.ttf [32m200 [90m701ms - 147kb[0m
[90mGET /fonts/SourceSansPro-Light.ttf [32m200 [90m709ms - 146.72kb[0m
[90mGET /fonts/SourceSansPro-Semibold.ttf [32m200 [90m965ms - 146.13kb[0m
[90mGET /images/logo.png [33m404 [90m1ms[0m
[90mGET /views/under-construction.html [32m200 [90m0ms[0m
[90mGET / [32m200 [90m3ms[0m
[90mGET /styles/0a43eae4.main.css [32m200 [90m2ms[0m
[90mGET /bower_components/jquery/jquery.js [32m200 [90m5ms[0m
[90mGET /scripts/da668c75.modules.js [32m200 [90m1ms[0m
[90mGET /scripts/20b18ad6.scripts.js [32m200 [90m1ms[0m
[90mGET /dynamic/loading.css [32m200 [90m1ms[0m
[90mGET /views/home.html [32m200 [90m0ms[0m
[90mGET /fonts/SourceSansPro-ExtraLight.ttf [32m200 [90m494ms - 147kb[0m
[90mGET /fonts/SourceSansPro-Light.ttf [32m200 [90m733ms - 146.72kb[0m
[90mGET /fonts/SourceSansPro-Semibold.ttf [32m200 [90m780ms - 146.13kb[0m
[90mGET /dynamic/loading.css [32m200 [90m1ms[0m
[90mGET /images/logo.png [32m200 [90m4ms - 1kb[0m
[90mGET /manager/html [33m404 [90m1ms[0m
[90mGET / [32m200 [90m1ms[0m
[90mGET /styles/0a43eae4.main.css [32m200 [90m0ms[0m
[90mGET /bower_components/jquery/jquery.js [32m200 [90m1ms[0m
[90mGET /scripts/da668c75.modules.js [32m200 [90m1ms[0m
[90mGET /scripts/20b18ad6.scripts.js [32m200 [90m1ms[0m
[90mGET /dynamic/loading.css [32m200 [90m1ms[0m
[90mGET /views/home.html [32m200 [90m1ms[0m
[90mGET /favicon.ico [32m200 [90m2ms - 4.19kb[0m
[90mGET /fonts/SourceSansPro-ExtraLight.ttf [32m200 [90m806ms - 147kb[0m
[90mGET /fonts/SourceSansPro-Light.ttf [32m200 [90m936ms - 146.72kb[0m
[90mGET /fonts/SourceSansPro-Semibold.ttf [32m200 [90m947ms - 146.13kb[0m
[90mGET /images/logo.png [32m200 [90m1ms - 1kb[0m
[90mGET / [32m200 [90m3ms[0m
[90mGET /styles/0a43eae4.main.css [32m200 [90m5ms[0m
[90mGET /bower_components/jquery/jquery.js [32m200 [90m4ms[0m
[90mGET /scripts/da668c75.modules.js [32m200 [90m1ms[0m
[90mGET /scripts/20b18ad6.scripts.js [32m200 [90m0ms[0m
[90mGET /dynamic/loading.css [32m200 [90m1ms[0m
[90mGET /views/home.html [32m200 [90m2ms[0m
[90mGET /favicon.ico [32m200 [90m1ms - 4.19kb[0m
[90mGET /fonts/SourceSansPro-ExtraLight.ttf [32m200 [90m692ms - 147kb[0m
[90mGET /fonts/SourceSansPro-Light.ttf [32m200 [90m840ms - 146.72kb[0m
[90mGET /fonts/SourceSansPro-Semibold.ttf [32m200 [90m961ms - 146.13kb[0m
[90mGET /images/logo.png [32m200 [90m1ms - 1kb[0m
[90mGET /views/create.html [32m200 [90m1ms[0m
[90mGET /fonts/SourceSansPro-ExtraLightItalic.ttf [32m200 [90m1ms - 114.39kb[0m
[90mHEAD / [32m200 [90m1ms - 3.27kb[0m
[90mGET / [32m200 [90m0ms[0m
[90mGET /styles/0a43eae4.main.css [32m200 [90m1ms[0m
[90mGET /bower_components/jquery/jquery.js [32m200 [90m1ms[0m
[90mGET /scripts/da668c75.modules.js [32m200 [90m1ms[0m
[90mGET /scripts/20b18ad6.scripts.js [32m200 [90m1ms[0m
[90mGET /fonts/SourceSansPro-ExtraLight.ttf [32m200 [90m3ms - 147kb[0m
[90mGET /fonts/SourceSansPro-Light.ttf [32m200 [90m1720ms - 146.72kb[0m
[90mGET /dynamic/loading.css [32m200 [90m2ms[0m
[90mGET /views/home.html [32m200 [90m1ms[0m
[90mGET /fonts/SourceSansPro-Semibold.ttf [32m200 [90m3340ms - 146.13kb[0m
[90mGET /images/logo.png [32m200 [90m4ms - 1kb[0m
[90mGET /views/create.html [32m200 [90m1ms[0m
[90mGET /fonts/SourceSansPro-ExtraLightItalic.ttf [32m200 [90m1ms - 114.39kb[0m
[90mGET /views/under-construction.html [32m200 [90m0ms[0m
[90mGET /views/confirm-sent.html [32m200 [90m0ms[0m
[90mGET / [32m200 [90m0ms[0m
[90mGET / [32m200 [90m1ms[0m
[90mGET /styles/0a43eae4.main.css [32m200 [90m1ms[0m
[90mGET /bower_components/jquery/jquery.js [32m200 [90m2ms[0m
[90mGET /scripts/20b18ad6.scripts.js [32m200 [90m0ms[0m
[90mGET /scripts/da668c75.modules.js [32m200 [90m1ms[0m
[90mGET /dynamic/loading.css [32m200 [90m1ms[0m
[90mGET /fonts/SourceSansPro-ExtraLight.ttf [32m200 [90m8490ms - 147kb[0m
[90mGET /views/home.html [32m200 [90m0ms[0m
[90mGET /fonts/SourceSansPro-Semibold.ttf [32m200 [90m12729ms - 146.13kb[0m
[90mGET /fonts/SourceSansPro-Light.ttf [32m200 [90m26830ms - 146.72kb[0m
[90mGET / [32m200 [90m0ms[0m
[90mGET /styles/0a43eae4.main.css [36m304 [90m2ms[0m
[90mGET /bower_components/jquery/jquery.js [36m304 [90m1ms[0m
[90mGET /scripts/da668c75.modules.js [36m304 [90m1ms[0m
[90mGET /scripts/20b18ad6.scripts.js [36m304 [90m1ms[0m
[90mGET /fonts/SourceSansPro-ExtraLight.ttf [36m304 [90m1ms[0m
[90mGET /fonts/SourceSansPro-Light.ttf [32m200 [90m1ms - 146.72kb[0m
[90mGET /fonts/SourceSansPro-Semibold.ttf [36m304 [90m0ms[0m
[90mGET /dynamic/loading.css [36m304 [90m0ms[0m
[90mGET /views/home.html [36m304 [90m1ms[0m
[90mGET /images/logo.png [32m200 [90m1ms - 1kb[0m
[90mGET /views/create.html [32m200 [90m1ms[0m
[90mGET /fonts/SourceSansPro-ExtraLightItalic.ttf [32m200 [90m1ms - 114.39kb[0m
[90mGET /views/confirm-sent.html [32m200 [90m1ms[0m
[90mGET /views/under-construction.html [32m200 [90m1ms[0m
[90mGET /bower_components/jquery/jquery.js [32m200 [90m2ms[0m
[90mGET /scripts/da668c75.modules.js [32m200 [90m1ms[0m
[90mGET /fonts/SourceSansPro-Light.ttf [32m200 [90m1ms - 146.72kb[0m
[90mGET /fonts/SourceSansPro-ExtraLight.ttf [32m200 [90m1039ms - 147kb[0m
[90mGET /fonts/SourceSansPro-Semibold.ttf [32m200 [90m1269ms - 146.13kb[0m
[90mGET /fonts/SourceSansPro-ExtraLight.ttf [32m200 [90m1ms - 147kb[0m
[90mGET /fonts/SourceSansPro-Semibold.ttf [32m200 [90m1ms - 146.13kb[0m
[90mGET /fonts/SourceSansPro-ExtraLightItalic.ttf [32m200 [90m1ms - 114.39kb[0m
[90mGET / [32m200 [90m1ms[0m
[90mGET / [32m200 [90m0ms[0m
[90mGET /styles/0a43eae4.main.css [32m200 [90m0ms[0m
[90mGET /bower_components/jquery/jquery.js [32m200 [90m1ms[0m
[90mGET /scripts/20b18ad6.scripts.js [32m200 [90m1ms[0m
[90mGET /scripts/da668c75.modules.js [32m200 [90m1ms[0m
[90mGET /fonts/SourceSansPro-ExtraLight.ttf [32m200 [90m2ms - 147kb[0m
[90mGET /dynamic/loading.css [32m200 [90m1ms[0m
[90mGET /views/home.html [32m200 [90m0ms[0m
[90mGET /fonts/SourceSansPro-Semibold.ttf [32m200 [90m1699ms - 146.13kb[0m
[90mGET /fonts/SourceSansPro-Light.ttf [32m200 [90m2734ms - 146.72kb[0m
[90mGET /images/logo.png [32m200 [90m1ms - 1kb[0m
[90mGET /views/create.html [32m200 [90m1ms[0m
[90mGET /fonts/SourceSansPro-ExtraLightItalic.ttf [32m200 [90m1ms - 114.39kb[0m
[90mGET /views/confirm-sent.html [32m200 [90m1ms[0m
[90mGET /views/under-construction.html [32m200 [90m2ms[0m
[90mGET / [32m200 [90m3ms - 3.27kb[0m
[90mGET / [32m200 [90m1ms[0m
[90mGET / [32m200 [90m11ms[0m
[90mGET /styles/0a43eae4.main.css [36m304 [90m1ms[0m
[90mGET /bower_components/jquery/jquery.js [36m304 [90m0ms[0m
[90mGET /scripts/da668c75.modules.js [36m304 [90m1ms[0m
[90mGET /scripts/20b18ad6.scripts.js [36m304 [90m0ms[0m
[90mGET /fonts/SourceSansPro-Light.ttf [36m304 [90m1ms[0m
[90mGET /views/home.html [36m304 [90m0ms[0m
[90mGET / [36m304 [90m1ms[0m
[90mGET /styles/0a43eae4.main.css [36m304 [90m1ms[0m
[90mGET /bower_components/jquery/jquery.js [36m304 [90m0ms[0m
[90mGET /scripts/da668c75.modules.js [36m304 [90m0ms[0m
[90mGET /scripts/20b18ad6.scripts.js [36m304 [90m0ms[0m
[90mGET /fonts/SourceSansPro-ExtraLight.ttf [36m304 [90m0ms[0m
[90mGET /fonts/SourceSansPro-Light.ttf [36m304 [90m0ms[0m
[90mGET /fonts/SourceSansPro-Semibold.ttf [36m304 [90m1ms[0m
[90mGET /dynamic/loading.css [36m304 [90m1ms[0m
[90mGET /views/home.html [36m304 [90m1ms[0m
[90mGET /dynamic/loading.css [36m304 [90m0ms[0m
[90mGET /images/logo.png [36m304 [90m1ms[0m
[90mGET /favicon.ico [32m200 [90m1ms - 4.19kb[0m
[90mGET / [32m200 [90m17ms[0m
[90mGET /styles/0a43eae4.main.css [32m200 [90m4ms[0m
[90mGET /scripts/20b18ad6.scripts.js [32m200 [90m4ms[0m
[90mGET /scripts/da668c75.modules.js [32m200 [90m27ms[0m
[90mGET /bower_components/jquery/jquery.js [32m200 [90m46ms[0m
[90mGET /fonts/SourceSansPro-ExtraLight.ttf [36m304 [90m4ms[0m
[90mGET /fonts/SourceSansPro-Light.ttf [36m304 [90m5ms[0m
[90mGET /fonts/SourceSansPro-Semibold.ttf [36m304 [90m3ms[0m
[90mGET /dynamic/loading.css [32m200 [90m4ms[0m
[90mGET /views/home.html [32m200 [90m2ms[0m
[90mGET /dynamic/loading.css [32m200 [90m1ms[0m
[90mGET /images/logo.png [36m304 [90m1ms[0m
[90mGET / [32m200 [90m1ms[0m
[90mGET /styles/0a43eae4.main.css [32m200 [90m1ms[0m
[90mGET /bower_components/jquery/jquery.js [32m200 [90m3ms[0m
[90mGET /scripts/20b18ad6.scripts.js [32m200 [90m1ms[0m
[90mGET /scripts/da668c75.modules.js [32m200 [90m1ms[0m
[90mGET /fonts/SourceSansPro-Semibold.ttf [32m200 [90m6ms - 146.13kb[0m
[90mGET /dynamic/loading.css [32m200 [90m1ms[0m
[90mGET /views/create.html [32m200 [90m3ms[0m
[90mGET /fonts/SourceSansPro-ExtraLight.ttf [32m200 [90m239ms - 147kb[0m
[90mGET /fonts/SourceSansPro-Light.ttf [32m200 [90m292ms - 146.72kb[0m
[90mGET / [32m200 [90m2ms[0m
[90mGET /styles/3d41ceef.main.css [32m200 [90m3ms[0m
[90mGET /bower_components/jquery/jquery.js [36m304 [90m0ms[0m
[90mGET /scripts/da668c75.modules.js [36m304 [90m0ms[0m
[90mGET /scripts/ce399fd3.scripts.js [32m200 [90m5ms[0m
[90mGET /fonts/SourceSansPro-Light.ttf [36m304 [90m1ms[0m
[90mGET /fonts/SourceSansPro-ExtraLight.ttf [36m304 [90m1ms[0m
[90mGET /fonts/SourceSansPro-Semibold.ttf [36m304 [90m1ms[0m
[90mGET /dynamic/loading.css [32m200 [90m2ms[0m
[90mGET /views/create.html [32m200 [90m1ms[0m
[90mGET /images/logo.png [32m200 [90m2ms - 1kb[0m
[90mGET /dynamic/loading.css [32m200 [90m0ms[0m
[90mGET / [32m200 [90m2ms[0m
[90mGET /styles/3d41ceef.main.css [32m200 [90m1ms[0m
[90mGET /bower_components/jquery/jquery.js [32m200 [90m2ms[0m
[90mGET /scripts/da668c75.modules.js [32m200 [90m1ms[0m
[90mGET /scripts/ce399fd3.scripts.js [32m200 [90m1ms[0m
[90mGET /fonts/SourceSansPro-ExtraLight.ttf [32m200 [90m2ms - 147kb[0m
[90mGET /fonts/SourceSansPro-Light.ttf [32m200 [90m2ms - 146.72kb[0m
[90mGET /dynamic/loading.css [32m200 [90m0ms[0m
[90mGET /fonts/SourceSansPro-Semibold.ttf [32m200 [90m229ms - 146.13kb[0m
[90mGET /views/home.html [32m200 [90m0ms[0m
[90mGET /favicon.ico [32m200 [90m13ms - 4.19kb[0m
[90mGET /images/logo.png [32m200 [90m2ms - 1kb[0m
[90mGET / [32m200 [90m23ms[0m
[90mGET /styles/3d41ceef.main.css [32m200 [90m6ms[0m
[90mGET /scripts/ce399fd3.scripts.js [32m200 [90m18ms[0m
[90mGET /scripts/da668c75.modules.js [32m200 [90m48ms[0m
[90mGET /bower_components/jquery/jquery.js [32m200 [90m62ms[0m
[90mGET /fonts/SourceSansPro-ExtraLight.ttf [36m304 [90m5ms[0m
[90mGET /fonts/SourceSansPro-Light.ttf [36m304 [90m2ms[0m
[90mGET /dynamic/loading.css [32m200 [90m5ms[0m
[90mGET /fonts/SourceSansPro-Semibold.ttf [36m304 [90m1ms[0m
[90mGET /views/home.html [32m200 [90m3ms[0m
[90mGET /views/create.html [32m200 [90m5ms[0m
[90mGET / [32m200 [90m1ms[0m
[90mGET /styles/3d41ceef.main.css [32m200 [90m1ms[0m
[90mGET /bower_components/jquery/jquery.js [32m200 [90m1ms[0m
[90mGET /scripts/da668c75.modules.js [32m200 [90m1ms[0m
[90mGET /scripts/ce399fd3.scripts.js [32m200 [90m0ms[0m
[90mGET /fonts/SourceSansPro-ExtraLight.ttf [36m304 [90m1ms[0m
[90mGET /fonts/SourceSansPro-Light.ttf [36m304 [90m2ms[0m
[90mGET /dynamic/loading.css [32m200 [90m4ms[0m
[90mGET /fonts/SourceSansPro-Semibold.ttf [36m304 [90m2ms[0m
[90mGET /views/home.html [32m200 [90m2ms[0m
[90mGET /views/create.html [32m200 [90m1ms[0m
[90mGET / [32m200 [90m4ms[0m
[90mGET /styles/3d41ceef.main.css [32m200 [90m1ms[0m
[90mGET /bower_components/jquery/jquery.js [32m200 [90m6ms[0m
[90mGET /scripts/f338be64.scripts.js [32m200 [90m6ms[0m
[90mGET /scripts/da668c75.modules.js [32m200 [90m1ms[0m
[90mGET /fonts/SourceSansPro-ExtraLight.ttf [32m200 [90m3ms - 147kb[0m
[90mGET /fonts/SourceSansPro-Semibold.ttf [32m200 [90m2ms - 146.13kb[0m
[90mGET /fonts/SourceSansPro-Light.ttf [32m200 [90m1ms - 146.72kb[0m
[90mGET /dynamic/loading.css [32m200 [90m1ms[0m
[90mGET /account-over-used [33m404 [90m2ms[0m
[90mGET /confirm-sent [33m404 [90m1ms[0m
[90mGET /home [33m404 [90m0ms[0m
[90mGET /create [33m404 [90m1ms[0m
[90mGET /quick-create [33m404 [90m0ms[0m
[90mGET /under-construction [33m404 [90m1ms[0m
[90mGET /views/home.html [32m200 [90m0ms[0m
[90mGET / [32m200 [90m2ms[0m
[90mGET /styles/3d41ceef.main.css [36m304 [90m1ms[0m
[90mGET /bower_components/jquery/jquery.js [36m304 [90m1ms[0m
[90mGET /scripts/da668c75.modules.js [36m304 [90m0ms[0m
[90mGET /scripts/f338be64.scripts.js [32m200 [90m1ms[0m
[90mGET /fonts/SourceSansPro-Light.ttf [36m304 [90m1ms[0m
[90mGET /fonts/SourceSansPro-ExtraLight.ttf [36m304 [90m1ms[0m
[90mGET /dynamic/loading.css [36m304 [90m2ms[0m
[90mGET /fonts/SourceSansPro-Semibold.ttf [36m304 [90m3ms[0m
[90mGET /account-over-used [33m404 [90m1ms[0m
[90mGET /confirm-sent [33m404 [90m1ms[0m
[90mGET /home [33m404 [90m2ms[0m
[90mGET /quick-create [33m404 [90m1ms[0m
[90mGET /create [33m404 [90m1ms[0m
[90mGET /under-construction [33m404 [90m1ms[0m
[90mGET /views/home.html [36m304 [90m1ms[0m
[90mGET / [32m200 [90m5ms[0m
[90mGET /styles/3d41ceef.main.css [36m304 [90m0ms[0m
[90mGET /bower_components/jquery/jquery.js [36m304 [90m1ms[0m
[90mGET /scripts/da668c75.modules.js [36m304 [90m0ms[0m
[90mGET /scripts/9917c785.scripts.js [32m200 [90m7ms[0m
[90mGET /fonts/SourceSansPro-ExtraLight.ttf [36m304 [90m2ms[0m
[90mGET /fonts/SourceSansPro-Semibold.ttf [36m304 [90m3ms[0m
[90mGET /fonts/SourceSansPro-Light.ttf [36m304 [90m4ms[0m
[90mGET /dynamic/loading.css [36m304 [90m1ms[0m
[90mGET /views/account-over-used [33m404 [90m1ms[0m
[90mGET /views/confirm-sent [33m404 [90m1ms[0m
[90mGET /views/home [33m404 [90m1ms[0m
[90mGET /views/create [33m404 [90m1ms[0m
[90mGET /views/under-construction [33m404 [90m1ms[0m
[90mGET /views/quick-create [33m404 [90m0ms[0m
[90mGET /views/home.html [36m304 [90m1ms[0m
[90mGET / [32m200 [90m1ms[0m
[90mGET /scripts/da668c75.modules.js [36m304 [90m3ms[0m
[90mGET /bower_components/jquery/jquery.js [36m304 [90m1ms[0m
[90mGET /styles/3d41ceef.main.css [36m304 [90m2ms[0m
[90mGET /scripts/135d8632.scripts.js [32m200 [90m4ms[0m
[90mGET /fonts/SourceSansPro-ExtraLight.ttf [36m304 [90m1ms[0m
[90mGET /dynamic/loading.css [36m304 [90m4ms[0m
[90mGET /fonts/SourceSansPro-Semibold.ttf [36m304 [90m1ms[0m
[90mGET /fonts/SourceSansPro-Light.ttf [36m304 [90m2ms[0m
[90mGET /views/account-over-used.html [32m200 [90m3ms[0m
[90mGET /views/confirm-sent.html [32m200 [90m3ms[0m
[90mGET /views/home.html [36m304 [90m4ms[0m
[90mGET /views/create.html [36m304 [90m0ms[0m
[90mGET /views/quick-create.html [32m200 [90m2ms[0m
[90mGET /views/under-construction.html [32m200 [90m4ms[0m
[90mGET / [32m200 [90m0ms[0m
[90mGET /scripts/da668c75.modules.js [36m304 [90m0ms[0m
[90mGET /scripts/135d8632.scripts.js [32m200 [90m1ms[0m
[90mGET /bower_components/jquery/jquery.js [36m304 [90m1ms[0m
[90mGET /fonts/SourceSansPro-ExtraLight.ttf [36m304 [90m1ms[0m
[90mGET /fonts/SourceSansPro-Light.ttf [36m304 [90m1ms[0m
[90mGET /fonts/SourceSansPro-Semibold.ttf [36m304 [90m0ms[0m
[90mGET /dynamic/loading.css [36m304 [90m0ms[0m
[90mGET /views/account-over-used.html [32m200 [90m1ms[0m
[90mGET /views/confirm-sent.html [32m200 [90m2ms[0m
[90mGET /views/home.html [36m304 [90m1ms[0m
[90mGET /views/create.html [36m304 [90m1ms[0m
[90mGET /views/quick-create.html [32m200 [90m1ms[0m
[90mGET /views/under-construction.html [32m200 [90m1ms[0m
[90mGET / [32m200 [90m1ms[0m
[90mGET /styles/3d41ceef.main.css [32m200 [90m1ms[0m
[90mGET /bower_components/jquery/jquery.js [32m200 [90m1ms[0m
[90mGET /scripts/da668c75.modules.js [32m200 [90m1ms[0m
[90mGET /scripts/135d8632.scripts.js [32m200 [90m1ms[0m
[90mGET /fonts/SourceSansPro-ExtraLight.ttf [32m200 [90m2ms - 147kb[0m
[90mGET /fonts/SourceSansPro-Light.ttf [32m200 [90m2ms - 146.72kb[0m
[90mGET /fonts/SourceSansPro-Semibold.ttf [32m200 [90m1ms - 146.13kb[0m
[90mGET /dynamic/loading.css [32m200 [90m1ms[0m
[90mGET /views/account-over-used.html [32m200 [90m1ms[0m
[90mGET /views/confirm-sent.html [32m200 [90m0ms[0m
[90mGET /views/home.html [32m200 [90m1ms[0m
[90mGET /views/create.html [32m200 [90m0ms[0m
[90mGET /views/quick-create.html [32m200 [90m0ms[0m
[90mGET /views/under-construction.html [32m200 [90m1ms[0m
[90mGET / [32m200 [90m1ms[0m
[90mGET / [32m200 [90m1ms[0m
[90mGET /images/logo.png [32m200 [90m1ms - 1kb[0m
[90mGET /google7e4eed257701a632.html [33m404 [90m1ms[0m
[90mGET /google7e4eed257701a632.html [33m404 [90m0ms[0m
[90mGET / [32m200 [90m0ms[0m
[90mGET /?cachebuster=2208701724 [32m200 [90m1ms[0m
[90mGET / [32m200 [90m1ms[0m
[90mGET /bower_components/jquery/jquery.js [32m200 [90m1ms[0m
[90mGET /scripts/135d8632.scripts.js [32m200 [90m1ms[0m
[90mGET /scripts/da668c75.modules.js [32m200 [90m1ms[0m
[90mGET /styles/3d41ceef.main.css [32m200 [90m1ms[0m
[90mGET /views/home.html [32m200 [90m1ms[0m
[90mGET / [32m200 [90m2ms[0m
[90mGET / [32m200 [90m6ms[0m
[90mGET / [32m200 [90m1ms[0m
[90mGET / [32m200 [90m4ms[0m
[90mGET / [32m200 [90m5ms[0m
[90mGET /?cachebuster=3841291940 [32m200 [90m4ms[0m
[90mGET / [32m200 [90m1ms[0m
[90mGET / [32m200 [90m0ms[0m
[90mGET /google7e4eed257701a632.html [32m200 [90m1ms[0m
[90mGET /google7e4eed257701a632.html [32m200 [90m1ms[0m
[90mGET / [32m200 [90m0ms[0m
[90mGET /favicon.ico [32m200 [90m1ms - 4.19kb[0m
[90mGET /robots.txt [32m200 [90m12ms[0m
[90mGET / [32m200 [90m1ms[0m
[90mGET /scripts/da668c75.modules.js [32m200 [90m1ms[0m
[90mGET /bower_components/jquery/jquery.js [32m200 [90m1ms[0m
[90mGET /styles/3d41ceef.main.css [32m200 [90m1ms[0m
[90mGET /scripts/135d8632.scripts.js [32m200 [90m1ms[0m
[90mGET /views/home.html [32m200 [90m2ms[0m
[90mGET / [36m304 [90m0ms[0m
[90mGET /styles/3d41ceef.main.css [36m304 [90m1ms[0m
[90mGET /bower_components/jquery/jquery.js [36m304 [90m0ms[0m
[90mGET /scripts/da668c75.modules.js [36m304 [90m1ms[0m
[90mGET /scripts/135d8632.scripts.js [36m304 [90m1ms[0m
[90mGET /fonts/SourceSansPro-ExtraLight.ttf [36m304 [90m1ms[0m
[90mGET /fonts/SourceSansPro-Light.ttf [36m304 [90m0ms[0m
[90mGET /fonts/SourceSansPro-Semibold.ttf [36m304 [90m1ms[0m
[90mGET /dynamic/loading.css [36m304 [90m1ms[0m
[90mGET /views/account-over-used.html [36m304 [90m0ms[0m
[90mGET /views/confirm-sent.html [36m304 [90m0ms[0m
[90mGET /views/home.html [36m304 [90m0ms[0m
[90mGET /views/create.html [36m304 [90m0ms[0m
[90mGET /views/quick-create.html [36m304 [90m1ms[0m
[90mGET /views/under-construction.html [36m304 [90m1ms[0m
[90mGET /dynamic/loading.css [36m304 [90m1ms[0m
[90mGET / [32m200 [90m0ms[0m
[90mGET /styles/3d41ceef.main.css [32m200 [90m0ms[0m
[90mGET /bower_components/jquery/jquery.js [32m200 [90m1ms[0m
[90mGET /scripts/da668c75.modules.js [32m200 [90m1ms[0m
[90mGET /scripts/135d8632.scripts.js [32m200 [90m0ms[0m
[90mGET /fonts/SourceSansPro-ExtraLight.ttf [32m200 [90m4ms - 147kb[0m
[90mGET /fonts/SourceSansPro-Light.ttf [32m200 [90m3ms - 146.72kb[0m
[90mGET /dynamic/loading.css [32m200 [90m1ms[0m
[90mGET /fonts/SourceSansPro-Semibold.ttf [32m200 [90m4ms - 146.13kb[0m
[90mGET /views/account-over-used.html [32m200 [90m1ms[0m
[90mGET /views/confirm-sent.html [32m200 [90m1ms[0m
[90mGET /views/home.html [32m200 [90m0ms[0m
[90mGET /views/create.html [32m200 [90m1ms[0m
[90mGET /views/quick-create.html [32m200 [90m0ms[0m
[90mGET /views/under-construction.html [32m200 [90m1ms[0m
[90mGET / [32m200 [90m20ms[0m
[90mGET /styles/3d41ceef.main.css [32m200 [90m5ms[0m
[90mGET /bower_components/jquery/jquery.js [32m200 [90m34ms[0m
[90mGET /scripts/da668c75.modules.js [32m200 [90m16ms[0m
[90mGET /scripts/135d8632.scripts.js [32m200 [90m5ms[0m
[90mGET /fonts/SourceSansPro-ExtraLight.ttf [32m200 [90m5ms - 147kb[0m
[90mGET /fonts/SourceSansPro-Semibold.ttf [32m200 [90m6ms - 146.13kb[0m
[90mGET /fonts/SourceSansPro-Light.ttf [32m200 [90m6ms - 146.72kb[0m
[90mGET /dynamic/loading.css [32m200 [90m3ms[0m
[90mGET /views/account-over-used.html [32m200 [90m14ms[0m
[90mGET /views/confirm-sent.html [32m200 [90m18ms[0m
[90mGET /views/home.html [32m200 [90m19ms[0m
[90mGET /views/create.html [32m200 [90m3ms[0m
[90mGET /views/under-construction.html [32m200 [90m6ms[0m
[90mGET /views/quick-create.html [32m200 [90m19ms[0m
[90mGET / [32m200 [90m1ms[0m
[90mGET /styles/3d41ceef.main.css [32m200 [90m1ms[0m
[90mGET /bower_components/jquery/jquery.js [32m200 [90m2ms[0m
[90mGET /scripts/da668c75.modules.js [32m200 [90m1ms[0m
[90mGET /scripts/135d8632.scripts.js [32m200 [90m2ms[0m
[90mGET /fonts/SourceSansPro-Light.ttf [36m304 [90m18ms[0m
[90mGET /fonts/SourceSansPro-ExtraLight.ttf [36m304 [90m3ms[0m
[90mGET /dynamic/loading.css [32m200 [90m3ms[0m
[90mGET /fonts/SourceSansPro-Semibold.ttf [36m304 [90m2ms[0m
[90mGET /views/account-over-used.html [32m200 [90m2ms[0m
[90mGET /views/confirm-sent.html [32m200 [90m5ms[0m
[90mGET /views/home.html [32m200 [90m1ms[0m
[90mGET /views/create.html [32m200 [90m2ms[0m
[90mGET /views/quick-create.html [32m200 [90m1ms[0m
[90mGET /views/under-construction.html [32m200 [90m0ms[0m
[90mGET / [36m304 [90m1ms[0m
[90mGET /styles/3d41ceef.main.css [36m304 [90m0ms[0m
[90mGET /bower_components/jquery/jquery.js [36m304 [90m1ms[0m
[90mGET /scripts/135d8632.scripts.js [36m304 [90m0ms[0m
[90mGET /scripts/da668c75.modules.js [36m304 [90m0ms[0m
[90mGET /fonts/SourceSansPro-Light.ttf [36m304 [90m1ms[0m
[90mGET /fonts/SourceSansPro-ExtraLight.ttf [36m304 [90m2ms[0m
[90mGET /dynamic/loading.css [36m304 [90m1ms[0m
[90mGET /fonts/SourceSansPro-Semibold.ttf [36m304 [90m0ms[0m
[90mGET /views/account-over-used.html [36m304 [90m1ms[0m
[90mGET /views/confirm-sent.html [36m304 [90m0ms[0m
[90mGET /views/home.html [36m304 [90m0ms[0m
[90mGET /views/create.html [36m304 [90m1ms[0m
[90mGET /views/quick-create.html [36m304 [90m2ms[0m
[90mGET /views/under-construction.html [36m304 [90m3ms[0m
[90mGET / [32m200 [90m1ms[0m
[90mGET /?cachebuster=330813812 [32m200 [90m2ms[0m
[90mGET /robots.txt [32m200 [90m16ms[0m
[90mGET /favicon.ico [32m200 [90m1ms - 4.19kb[0m
[90mGET / [32m200 [90m1ms[0m
[90mGET /styles/3d41ceef.main.css [32m200 [90m0ms[0m
[90mGET /bower_components/jquery/jquery.js [32m200 [90m3ms[0m
[90mGET /scripts/135d8632.scripts.js [32m200 [90m0ms[0m
[90mGET /scripts/da668c75.modules.js [32m200 [90m1ms[0m
[90mGET /fonts/SourceSansPro-ExtraLight.ttf [32m200 [90m2ms - 147kb[0m
[90mGET /fonts/SourceSansPro-Semibold.ttf [32m200 [90m3ms - 146.13kb[0m
[90mGET /fonts/SourceSansPro-Light.ttf [32m200 [90m2ms - 146.72kb[0m
[90mGET /dynamic/loading.css [32m200 [90m0ms[0m
[90mGET /views/account-over-used.html [32m200 [90m0ms[0m
[90mGET /views/confirm-sent.html [32m200 [90m0ms[0m
[90mGET /views/home.html [32m200 [90m0ms[0m
[90mGET /views/create.html [32m200 [90m1ms[0m
[90mGET /views/quick-create.html [32m200 [90m1ms[0m
[90mGET /views/under-construction.html [32m200 [90m1ms[0m
[90mGET /images/logo.png [32m200 [90m1ms - 1kb[0m
[90mGET /favicon.ico [32m200 [90m2ms - 4.19kb[0m
[90mGET /fonts/SourceSansPro-ExtraLightItalic.ttf [32m200 [90m23ms - 114.39kb[0m
[90mGET / [32m200 [90m1ms[0m
[90mGET /?cachebuster=264202420 [32m200 [90m1ms[0m
[90mGET / [32m200 [90m1ms[0m
[90mGET /styles/3d41ceef.main.css [32m200 [90m1ms[0m
[90mGET /bower_components/jquery/jquery.js [32m200 [90m1ms[0m
[90mGET /scripts/da668c75.modules.js [32m200 [90m1ms[0m
[90mGET /scripts/135d8632.scripts.js [32m200 [90m0ms[0m
[90mGET /fonts/SourceSansPro-ExtraLight.ttf [32m200 [90m1ms - 147kb[0m
[90mGET /fonts/SourceSansPro-Light.ttf [32m200 [90m2ms - 146.72kb[0m
[90mGET /fonts/SourceSansPro-Semibold.ttf [32m200 [90m2ms - 146.13kb[0m
[90mGET /dynamic/loading.css [32m200 [90m0ms[0m
[90mGET /views/account-over-used.html [32m200 [90m2ms[0m
[90mGET /views/confirm-sent.html [32m200 [90m0ms[0m
[90mGET /views/home.html [32m200 [90m1ms[0m
[90mGET /views/create.html [32m200 [90m1ms[0m
[90mGET /views/quick-create.html [32m200 [90m1ms[0m
[90mGET /views/under-construction.html [32m200 [90m1ms[0m
[90mGET /images/logo.png [32m200 [90m1ms - 1kb[0m
[90mGET /fonts/SourceSansPro-ExtraLightItalic.ttf [32m200 [90m2ms - 114.39kb[0m
[90mGET / [32m200 [90m1ms[0m
[90mGET /?cachebuster=2200543006 [32m200 [90m0ms[0m
[90mGET / [32m200 [90m1ms[0m
[90mGET /styles/3d41ceef.main.css [32m200 [90m1ms[0m
[90mGET /bower_components/jquery/jquery.js [32m200 [90m1ms[0m
[90mGET /scripts/135d8632.scripts.js [32m200 [90m1ms[0m
[90mGET /scripts/da668c75.modules.js [32m200 [90m1ms[0m
[90mGET /fonts/SourceSansPro-ExtraLight.ttf [32m200 [90m1ms - 147kb[0m
[90mGET /fonts/SourceSansPro-Semibold.ttf [32m200 [90m2ms - 146.13kb[0m
[90mGET /fonts/SourceSansPro-Light.ttf [32m200 [90m2ms - 146.72kb[0m
[90mGET /views/home.html [32m200 [90m2ms[0m
[90mGET /views/confirm-sent.html [32m200 [90m1ms[0m
[90mGET /dynamic/loading.css [32m200 [90m2ms[0m
[90mGET /views/under-construction.html [32m200 [90m2ms[0m
[90mGET /views/account-over-used.html [32m200 [90m2ms[0m
[90mGET /views/create.html [32m200 [90m1ms[0m
[90mGET /views/quick-create.html [32m200 [90m0ms[0m
[90mGET /images/logo.png [32m200 [90m1ms - 1kb[0m
[90mGET / [32m200 [90m1ms[0m
[90mGET /styles/3d41ceef.main.css [36m304 [90m1ms[0m
[90mGET /bower_components/jquery/jquery.js [36m304 [90m2ms[0m
[90mGET /scripts/135d8632.scripts.js [36m304 [90m1ms[0m
[90mGET /scripts/da668c75.modules.js [36m304 [90m1ms[0m
[90mGET /fonts/SourceSansPro-Light.ttf [36m304 [90m5ms[0m
[90mGET /views/confirm-sent.html [36m304 [90m1ms[0m
[90mGET /views/account-over-used.html [36m304 [90m1ms[0m
[90mGET /views/home.html [36m304 [90m1ms[0m
[90mGET /views/quick-create.html [36m304 [90m2ms[0m
[90mGET /views/create.html [36m304 [90m2ms[0m
[90mGET /views/under-construction.html [36m304 [90m1ms[0m
[90mGET /fonts/SourceSansPro-ExtraLightItalic.ttf [32m200 [90m4ms - 114.39kb[0m
[90mGET /robots.txt [32m200 [90m1ms[0m
[90mGET / [32m200 [90m2ms[0m
